<?xml version="1.0" encoding="UTF-8"?>
<testng-results total="3" passed="3" failed="0" skipped="0">
  <reporter-output>
  </reporter-output>
  <suite started-at="2023-04-28T19:46:19Z" name="Default suite" finished-at="2023-04-28T19:46:20Z" duration-ms="1642">
    <groups>
    </groups>
    <test started-at="2023-04-28T19:46:19Z" name="Default test" finished-at="2023-04-28T19:46:20Z" duration-ms="1642">
      <class name="Files.Dynammicjson">
        <test-method signature="Addbook(java.lang.String, java.lang.String)[pri:0, instance:Files.Dynammicjson@18e36d14]" started-at="2023-04-29T01:16:19Z" name="Addbook" data-provider="Bookdata" finished-at="2023-04-29T01:16:20Z" duration-ms="1397" status="PASS">
          <params>
            <param index="0">
              <value>
                <![CDATA[yuiyii]]>
              </value>
            </param>
            <param index="1">
              <value>
                <![CDATA[7899]]>
              </value>
            </param>
          </params>
          <reporter-output>
          </reporter-output>
        </test-method> <!-- Addbook -->
        <test-method signature="Addbook(java.lang.String, java.lang.String)[pri:0, instance:Files.Dynammicjson@18e36d14]" started-at="2023-04-29T01:16:20Z" name="Addbook" data-provider="Bookdata" finished-at="2023-04-29T01:16:20Z" duration-ms="125" status="PASS">
          <params>
            <param index="0">
              <value>
                <![CDATA[gjhjii]]>
              </value>
            </param>
            <param index="1">
              <value>
                <![CDATA[8988]]>
              </value>
            </param>
          </params>
          <reporter-output>
          </reporter-output>
        </test-method> <!-- Addbook -->
        <test-method signature="Addbook(java.lang.String, java.lang.String)[pri:0, instance:Files.Dynammicjson@18e36d14]" started-at="2023-04-29T01:16:20Z" name="Addbook" data-provider="Bookdata" finished-at="2023-04-29T01:16:20Z" duration-ms="109" status="PASS">
          <params>
            <param index="0">
              <value>
                <![CDATA[tyttut]]>
              </value>
            </param>
            <param index="1">
              <value>
                <![CDATA[78799]]>
              </value>
            </param>
          </params>
          <reporter-output>
          </reporter-output>
        </test-method> <!-- Addbook -->
      </class> <!-- Files.Dynammicjson -->
    </test> <!-- Default test -->
  </suite> <!-- Default suite -->
</testng-results>
